<?xml version="1.0" encoding="UTF-8"?>
<!-- Generated by org.testng.reporters.JUnitXMLReporter -->
<testsuite ignored="0" hostname="DESKTOP-360P72K" failures="0" tests="4" name="Test" time="0.06" errors="0" timestamp="2021-02-04T20:37:03 IST">
  <testcase classname="com.mycompany.app.AppiumTest" name="chargeTest" time="0.01"/>
  <testcase classname="com.mycompany.app.AppiumTest" name="mobileTest" time="0.002"/>
  <testcase classname="com.mycompany.app.SeleniumTest" name="BrowserAutomation" time="0.001"/>
  <testcase classname="com.mycompany.app.SeleniumTest" name="elementsUI" time="0.001"/>
</testsuite> <!-- Test -->
