<?xml version="1.0" encoding="UTF-8"?>
<!-- Generated by org.testng.reporters.JUnitXMLReporter -->
<testsuite ignored="0" hostname="DESKTOP-360P72K" failures="0" tests="6" name="Test" time="0.043" errors="0" timestamp="2021-02-06T23:10:30 IST">
  <testcase classname="com.mycompany.app.AppiumTest" name="chargeTest" time="0.005"/>
  <testcase classname="com.mycompany.app.AppiumTest" name="mobileTest" time="0.001"/>
  <testcase classname="com.mycompany.app.SeleniumTest" name="BrowserAutomation" time="0.0"/>
  <testcase classname="com.mycompany.app.SeleniumTest" name="elementsUI" time="0.0"/>
  <testcase classname="com.mycompany.app.RESTAPITest" name="deleteTwitter" time="0.0"/>
  <testcase classname="com.mycompany.app.RESTAPITest" name="postJira" time="0.001"/>
</testsuite> <!-- Test -->
