<?xml version="1.0" encoding="UTF-8"?>
<testng-results ignored="0" total="2" passed="2" failed="0" skipped="0">
  <reporter-output>
  </reporter-output>
  <suite started-at="2021-02-06T15:59:31 IST" name="Default suite" finished-at="2021-02-06T15:59:31 IST" duration-ms="72">
    <groups>
    </groups>
    <test started-at="2021-02-06T15:59:31 IST" name="Default test" finished-at="2021-02-06T15:59:31 IST" duration-ms="72">
      <class name="com.mycompany.app.AppiumTest">
        <test-method signature="chargeTest()[pri:0, instance:com.mycompany.app.AppiumTest@e1de817]" started-at="2021-02-06T15:59:31 IST" name="chargeTest" finished-at="2021-02-06T15:59:31 IST" duration-ms="9" status="PASS">
          <reporter-output>
          </reporter-output>
        </test-method> <!-- chargeTest -->
        <test-method signature="mobileTest()[pri:0, instance:com.mycompany.app.AppiumTest@e1de817]" started-at="2021-02-06T15:59:31 IST" name="mobileTest" finished-at="2021-02-06T15:59:31 IST" duration-ms="1" status="PASS">
          <reporter-output>
          </reporter-output>
        </test-method> <!-- mobileTest -->
      </class> <!-- com.mycompany.app.AppiumTest -->
    </test> <!-- Default test -->
  </suite> <!-- Default suite -->
</testng-results>
